[    2546ms] [ERROR] WebSocket connection to 'ws://localhost:57808/' failed: Error in connection establishment: net::ERR_CONNECTION_REFUSED @ http://localhost:57808/:278
[    8126ms] [ERROR] Failed to load resource: net::ERR_CONNECTION_REFUSED @ http://localhost:57808/favicon.ico:0
[    8130ms] [ERROR] WebSocket connection to 'ws://localhost:57808/' failed: Error in connection establishment: net::ERR_CONNECTION_REFUSED @ http://localhost:57808/:278
[   16038ms] [ERROR] WebSocket connection to 'ws://localhost:57808/' failed: Error in connection establishment: net::ERR_CONNECTION_REFUSED @ http://localhost:57808/:278
[   30085ms] [ERROR] WebSocket connection to 'ws://localhost:57808/' failed: Error in connection establishment: net::ERR_CONNECTION_REFUSED @ http://localhost:57808/:278
[   33483ms] [ERROR] WebSocket connection to 'ws://localhost:57808/' failed: Error in connection establishment: net::ERR_CONNECTION_REFUSED @ http://localhost:57808/:278
[   36851ms] [ERROR] WebSocket connection to 'ws://localhost:57808/' failed: Error in connection establishment: net::ERR_CONNECTION_REFUSED @ http://localhost:57808/:278
[   40235ms] [ERROR] WebSocket connection to 'ws://localhost:57808/' failed: Error in connection establishment: net::ERR_CONNECTION_REFUSED @ http://localhost:57808/:278
[   44711ms] [ERROR] WebSocket connection to 'ws://localhost:57808/' failed: Error in connection establishment: net::ERR_CONNECTION_REFUSED @ http://localhost:57808/:278
[   48373ms] [ERROR] WebSocket connection to 'ws://localhost:57808/' failed: Error in connection establishment: net::ERR_CONNECTION_REFUSED @ http://localhost:57808/:278
[   51758ms] [ERROR] WebSocket connection to 'ws://localhost:57808/' failed: Error in connection establishment: net::ERR_CONNECTION_REFUSED @ http://localhost:57808/:278
[   56097ms] [ERROR] WebSocket connection to 'ws://localhost:57808/' failed: Error in connection establishment: net::ERR_CONNECTION_REFUSED @ http://localhost:57808/:278
[   59910ms] [ERROR] WebSocket connection to 'ws://localhost:57808/' failed: Error in connection establishment: net::ERR_CONNECTION_REFUSED @ http://localhost:57808/:278
[   63643ms] [ERROR] WebSocket connection to 'ws://localhost:57808/' failed: Error in connection establishment: net::ERR_CONNECTION_REFUSED @ http://localhost:57808/:278
[   67192ms] [ERROR] WebSocket connection to 'ws://localhost:57808/' failed: Error in connection establishment: net::ERR_CONNECTION_REFUSED @ http://localhost:57808/:278
[   71235ms] [ERROR] WebSocket connection to 'ws://localhost:57808/' failed: Error in connection establishment: net::ERR_CONNECTION_REFUSED @ http://localhost:57808/:278
[   75649ms] [ERROR] WebSocket connection to 'ws://localhost:57808/' failed: Error in connection establishment: net::ERR_CONNECTION_REFUSED @ http://localhost:57808/:278
[   82283ms] [ERROR] WebSocket connection to 'ws://localhost:57808/' failed: Error in connection establishment: net::ERR_CONNECTION_REFUSED @ http://localhost:57808/:278
[   89613ms] [ERROR] WebSocket connection to 'ws://localhost:57808/' failed: Error in connection establishment: net::ERR_CONNECTION_REFUSED @ http://localhost:57808/:278
[   95495ms] [ERROR] WebSocket connection to 'ws://localhost:57808/' failed: Error in connection establishment: net::ERR_CONNECTION_REFUSED @ http://localhost:57808/:278
[  103708ms] [ERROR] WebSocket connection to 'ws://localhost:57808/' failed: Error in connection establishment: net::ERR_CONNECTION_REFUSED @ http://localhost:57808/:278
[  111096ms] [ERROR] WebSocket connection to 'ws://localhost:57808/' failed: Error in connection establishment: net::ERR_CONNECTION_REFUSED @ http://localhost:57808/:278
[  116294ms] [ERROR] WebSocket connection to 'ws://localhost:57808/' failed: Error in connection establishment: net::ERR_CONNECTION_REFUSED @ http://localhost:57808/:278
[  124650ms] [ERROR] WebSocket connection to 'ws://localhost:57808/' failed: Error in connection establishment: net::ERR_CONNECTION_REFUSED @ http://localhost:57808/:278
[  129680ms] [ERROR] WebSocket connection to 'ws://localhost:57808/' failed: Error in connection establishment: net::ERR_CONNECTION_REFUSED @ http://localhost:57808/:278
[  134601ms] [ERROR] WebSocket connection to 'ws://localhost:57808/' failed: Error in connection establishment: net::ERR_CONNECTION_REFUSED @ http://localhost:57808/:278
[  141986ms] [ERROR] WebSocket connection to 'ws://localhost:57808/' failed: Error in connection establishment: net::ERR_CONNECTION_REFUSED @ http://localhost:57808/:278
[  147641ms] [ERROR] WebSocket connection to 'ws://localhost:57808/' failed: Error in connection establishment: net::ERR_CONNECTION_REFUSED @ http://localhost:57808/:278
[  155222ms] [ERROR] WebSocket connection to 'ws://localhost:57808/' failed: Error in connection establishment: net::ERR_CONNECTION_REFUSED @ http://localhost:57808/:278
[  162501ms] [ERROR] WebSocket connection to 'ws://localhost:57808/' failed: Error in connection establishment: net::ERR_CONNECTION_REFUSED @ http://localhost:57808/:278
[  167674ms] [ERROR] WebSocket connection to 'ws://localhost:57808/' failed: Error in connection establishment: net::ERR_CONNECTION_REFUSED @ http://localhost:57808/:278
[  172187ms] [ERROR] WebSocket connection to 'ws://localhost:57808/' failed: Error in connection establishment: net::ERR_CONNECTION_REFUSED @ http://localhost:57808/:278
[  178236ms] [ERROR] WebSocket connection to 'ws://localhost:57808/' failed: Error in connection establishment: net::ERR_CONNECTION_REFUSED @ http://localhost:57808/:278
[  185172ms] [ERROR] WebSocket connection to 'ws://localhost:57808/' failed: Error in connection establishment: net::ERR_CONNECTION_REFUSED @ http://localhost:57808/:278
[  193414ms] [ERROR] WebSocket connection to 'ws://localhost:57808/' failed: Error in connection establishment: net::ERR_CONNECTION_REFUSED @ http://localhost:57808/:278
[  201358ms] [ERROR] WebSocket connection to 'ws://localhost:57808/' failed: Error in connection establishment: net::ERR_CONNECTION_REFUSED @ http://localhost:57808/:278
[  206569ms] [ERROR] WebSocket connection to 'ws://localhost:57808/' failed: Error in connection establishment: net::ERR_CONNECTION_REFUSED @ http://localhost:57808/:278
[  214637ms] [ERROR] WebSocket connection to 'ws://localhost:57808/' failed: Error in connection establishment: net::ERR_CONNECTION_REFUSED @ http://localhost:57808/:278
[  219206ms] [ERROR] WebSocket connection to 'ws://localhost:57808/' failed: Error in connection establishment: net::ERR_CONNECTION_REFUSED @ http://localhost:57808/:278
[  226893ms] [ERROR] WebSocket connection to 'ws://localhost:57808/' failed: Error in connection establishment: net::ERR_CONNECTION_REFUSED @ http://localhost:57808/:278
[  232344ms] [ERROR] WebSocket connection to 'ws://localhost:57808/' failed: Error in connection establishment: net::ERR_CONNECTION_REFUSED @ http://localhost:57808/:278
[  239859ms] [ERROR] WebSocket connection to 'ws://localhost:57808/' failed: Error in connection establishment: net::ERR_CONNECTION_REFUSED @ http://localhost:57808/:278
[  247941ms] [ERROR] WebSocket connection to 'ws://localhost:57808/' failed: Error in connection establishment: net::ERR_CONNECTION_REFUSED @ http://localhost:57808/:278
[  253973ms] [ERROR] WebSocket connection to 'ws://localhost:57808/' failed: Error in connection establishment: net::ERR_CONNECTION_REFUSED @ http://localhost:57808/:278
[  258453ms] [ERROR] WebSocket connection to 'ws://localhost:57808/' failed: Error in connection establishment: net::ERR_CONNECTION_REFUSED @ http://localhost:57808/:278
[  265364ms] [ERROR] WebSocket connection to 'ws://localhost:57808/' failed: Error in connection establishment: net::ERR_CONNECTION_REFUSED @ http://localhost:57808/:278
[  272317ms] [ERROR] WebSocket connection to 'ws://localhost:57808/' failed: Error in connection establishment: net::ERR_CONNECTION_REFUSED @ http://localhost:57808/:278
[  277160ms] [ERROR] WebSocket connection to 'ws://localhost:57808/' failed: Error in connection establishment: net::ERR_CONNECTION_REFUSED @ http://localhost:57808/:278
[  283665ms] [ERROR] WebSocket connection to 'ws://localhost:57808/' failed: Error in connection establishment: net::ERR_CONNECTION_REFUSED @ http://localhost:57808/:278
[  288084ms] [ERROR] WebSocket connection to 'ws://localhost:57808/' failed: Error in connection establishment: net::ERR_CONNECTION_REFUSED @ http://localhost:57808/:278
[  294152ms] [ERROR] WebSocket connection to 'ws://localhost:57808/' failed: Error in connection establishment: net::ERR_CONNECTION_REFUSED @ http://localhost:57808/:278
[  300898ms] [ERROR] WebSocket connection to 'ws://localhost:57808/' failed: Error in connection establishment: net::ERR_CONNECTION_REFUSED @ http://localhost:57808/:278
[  308730ms] [ERROR] WebSocket connection to 'ws://localhost:57808/' failed: Error in connection establishment: net::ERR_CONNECTION_REFUSED @ http://localhost:57808/:278
[  313804ms] [ERROR] WebSocket connection to 'ws://localhost:57808/' failed: Error in connection establishment: net::ERR_CONNECTION_REFUSED @ http://localhost:57808/:278
[  320917ms] [ERROR] WebSocket connection to 'ws://localhost:57808/' failed: Error in connection establishment: net::ERR_CONNECTION_REFUSED @ http://localhost:57808/:278
[  327664ms] [ERROR] WebSocket connection to 'ws://localhost:57808/' failed: Error in connection establishment: net::ERR_CONNECTION_REFUSED @ http://localhost:57808/:278
[  333781ms] [ERROR] WebSocket connection to 'ws://localhost:57808/' failed: Error in connection establishment: net::ERR_CONNECTION_REFUSED @ http://localhost:57808/:278
[  339097ms] [ERROR] WebSocket connection to 'ws://localhost:57808/' failed: Error in connection establishment: net::ERR_CONNECTION_REFUSED @ http://localhost:57808/:278
[  344673ms] [ERROR] WebSocket connection to 'ws://localhost:57808/' failed: Error in connection establishment: net::ERR_CONNECTION_REFUSED @ http://localhost:57808/:278
[  351315ms] [ERROR] WebSocket connection to 'ws://localhost:57808/' failed: Error in connection establishment: net::ERR_CONNECTION_REFUSED @ http://localhost:57808/:278
[  358925ms] [ERROR] WebSocket connection to 'ws://localhost:57808/' failed: Error in connection establishment: net::ERR_CONNECTION_REFUSED @ http://localhost:57808/:278
[  366205ms] [ERROR] WebSocket connection to 'ws://localhost:57808/' failed: Error in connection establishment: net::ERR_CONNECTION_REFUSED @ http://localhost:57808/:278
[  373043ms] [ERROR] WebSocket connection to 'ws://localhost:57808/' failed: Error in connection establishment: net::ERR_CONNECTION_REFUSED @ http://localhost:57808/:278
[  379630ms] [ERROR] WebSocket connection to 'ws://localhost:57808/' failed: Error in connection establishment: net::ERR_CONNECTION_REFUSED @ http://localhost:57808/:278
[  384523ms] [ERROR] WebSocket connection to 'ws://localhost:57808/' failed: Error in connection establishment: net::ERR_CONNECTION_REFUSED @ http://localhost:57808/:278
[  389139ms] [ERROR] WebSocket connection to 'ws://localhost:57808/' failed: Error in connection establishment: net::ERR_CONNECTION_REFUSED @ http://localhost:57808/:278
[  394273ms] [ERROR] WebSocket connection to 'ws://localhost:57808/' failed: Error in connection establishment: net::ERR_CONNECTION_REFUSED @ http://localhost:57808/:278
[  402105ms] [ERROR] WebSocket connection to 'ws://localhost:57808/' failed: Error in connection establishment: net::ERR_CONNECTION_REFUSED @ http://localhost:57808/:278
[  406711ms] [ERROR] WebSocket connection to 'ws://localhost:57808/' failed: Error in connection establishment: net::ERR_CONNECTION_REFUSED @ http://localhost:57808/:278
[  412085ms] [ERROR] WebSocket connection to 'ws://localhost:57808/' failed: Error in connection establishment: net::ERR_CONNECTION_REFUSED @ http://localhost:57808/:278
[  417571ms] [ERROR] WebSocket connection to 'ws://localhost:57808/' failed: Error in connection establishment: net::ERR_CONNECTION_REFUSED @ http://localhost:57808/:278
[  422335ms] [ERROR] WebSocket connection to 'ws://localhost:57808/' failed: Error in connection establishment: net::ERR_CONNECTION_REFUSED @ http://localhost:57808/:278
[  428288ms] [ERROR] WebSocket connection to 'ws://localhost:57808/' failed: Error in connection establishment: net::ERR_CONNECTION_REFUSED @ http://localhost:57808/:278
[  436262ms] [ERROR] WebSocket connection to 'ws://localhost:57808/' failed: Error in connection establishment: net::ERR_CONNECTION_REFUSED @ http://localhost:57808/:278
[  441730ms] [ERROR] WebSocket connection to 'ws://localhost:57808/' failed: Error in connection establishment: net::ERR_CONNECTION_REFUSED @ http://localhost:57808/:278
[  449245ms] [ERROR] WebSocket connection to 'ws://localhost:57808/' failed: Error in connection establishment: net::ERR_CONNECTION_REFUSED @ http://localhost:57808/:278
[  454304ms] [ERROR] WebSocket connection to 'ws://localhost:57808/' failed: Error in connection establishment: net::ERR_CONNECTION_REFUSED @ http://localhost:57808/:278
[  460119ms] [ERROR] WebSocket connection to 'ws://localhost:57808/' failed: Error in connection establishment: net::ERR_CONNECTION_REFUSED @ http://localhost:57808/:278
[  466868ms] [ERROR] WebSocket connection to 'ws://localhost:57808/' failed: Error in connection establishment: net::ERR_CONNECTION_REFUSED @ http://localhost:57808/:278
[  472830ms] [ERROR] WebSocket connection to 'ws://localhost:57808/' failed: Error in connection establishment: net::ERR_CONNECTION_REFUSED @ http://localhost:57808/:278
[  479675ms] [ERROR] WebSocket connection to 'ws://localhost:57808/' failed: Error in connection establishment: net::ERR_CONNECTION_REFUSED @ http://localhost:57808/:278
[  487560ms] [ERROR] WebSocket connection to 'ws://localhost:57808/' failed: Error in connection establishment: net::ERR_CONNECTION_REFUSED @ http://localhost:57808/:278
[  494942ms] [ERROR] WebSocket connection to 'ws://localhost:57808/' failed: Error in connection establishment: net::ERR_CONNECTION_REFUSED @ http://localhost:57808/:278
[  499763ms] [ERROR] WebSocket connection to 'ws://localhost:57808/' failed: Error in connection establishment: net::ERR_CONNECTION_REFUSED @ http://localhost:57808/:278
[  504510ms] [ERROR] WebSocket connection to 'ws://localhost:57808/' failed: Error in connection establishment: net::ERR_CONNECTION_REFUSED @ http://localhost:57808/:278
[  509748ms] [ERROR] WebSocket connection to 'ws://localhost:57808/' failed: Error in connection establishment: net::ERR_CONNECTION_REFUSED @ http://localhost:57808/:278
[  514168ms] [ERROR] WebSocket connection to 'ws://localhost:57808/' failed: Error in connection establishment: net::ERR_CONNECTION_REFUSED @ http://localhost:57808/:278
[  520038ms] [ERROR] WebSocket connection to 'ws://localhost:57808/' failed: Error in connection establishment: net::ERR_CONNECTION_REFUSED @ http://localhost:57808/:278
[  525838ms] [ERROR] WebSocket connection to 'ws://localhost:57808/' failed: Error in connection establishment: net::ERR_CONNECTION_REFUSED @ http://localhost:57808/:278
[  533847ms] [ERROR] WebSocket connection to 'ws://localhost:57808/' failed: Error in connection establishment: net::ERR_CONNECTION_REFUSED @ http://localhost:57808/:278
[  541110ms] [ERROR] WebSocket connection to 'ws://localhost:57808/' failed: Error in connection establishment: net::ERR_CONNECTION_REFUSED @ http://localhost:57808/:278
[  547902ms] [ERROR] WebSocket connection to 'ws://localhost:57808/' failed: Error in connection establishment: net::ERR_CONNECTION_REFUSED @ http://localhost:57808/:278
[  553082ms] [ERROR] WebSocket connection to 'ws://localhost:57808/' failed: Error in connection establishment: net::ERR_CONNECTION_REFUSED @ http://localhost:57808/:278
[  560311ms] [ERROR] WebSocket connection to 'ws://localhost:57808/' failed: Error in connection establishment: net::ERR_CONNECTION_REFUSED @ http://localhost:57808/:278
[  564770ms] [ERROR] WebSocket connection to 'ws://localhost:57808/' failed: Error in connection establishment: net::ERR_CONNECTION_REFUSED @ http://localhost:57808/:278
[  570668ms] [ERROR] WebSocket connection to 'ws://localhost:57808/' failed: Error in connection establishment: net::ERR_CONNECTION_REFUSED @ http://localhost:57808/:278
[  578664ms] [ERROR] WebSocket connection to 'ws://localhost:57808/' failed: Error in connection establishment: net::ERR_CONNECTION_REFUSED @ http://localhost:57808/:278
[  584062ms] [ERROR] WebSocket connection to 'ws://localhost:57808/' failed: Error in connection establishment: net::ERR_CONNECTION_REFUSED @ http://localhost:57808/:278
[  591524ms] [ERROR] WebSocket connection to 'ws://localhost:57808/' failed: Error in connection establishment: net::ERR_CONNECTION_REFUSED @ http://localhost:57808/:278
[  597277ms] [ERROR] WebSocket connection to 'ws://localhost:57808/' failed: Error in connection establishment: net::ERR_CONNECTION_REFUSED @ http://localhost:57808/:278
[  603594ms] [ERROR] WebSocket connection to 'ws://localhost:57808/' failed: Error in connection establishment: net::ERR_CONNECTION_REFUSED @ http://localhost:57808/:278
[  608082ms] [ERROR] WebSocket connection to 'ws://localhost:57808/' failed: Error in connection establishment: net::ERR_CONNECTION_REFUSED @ http://localhost:57808/:278
[  614205ms] [ERROR] WebSocket connection to 'ws://localhost:57808/' failed: Error in connection establishment: net::ERR_CONNECTION_REFUSED @ http://localhost:57808/:278
[  620106ms] [ERROR] WebSocket connection to 'ws://localhost:57808/' failed: Error in connection establishment: net::ERR_CONNECTION_REFUSED @ http://localhost:57808/:278
[  626799ms] [ERROR] WebSocket connection to 'ws://localhost:57808/' failed: Error in connection establishment: net::ERR_CONNECTION_REFUSED @ http://localhost:57808/:278
[  633805ms] [ERROR] WebSocket connection to 'ws://localhost:57808/' failed: Error in connection establishment: net::ERR_CONNECTION_REFUSED @ http://localhost:57808/:278
[  641873ms] [ERROR] WebSocket connection to 'ws://localhost:57808/' failed: Error in connection establishment: net::ERR_CONNECTION_REFUSED @ http://localhost:57808/:278
[  646633ms] [ERROR] WebSocket connection to 'ws://localhost:57808/' failed: Error in connection establishment: net::ERR_CONNECTION_REFUSED @ http://localhost:57808/:278
[  654957ms] [ERROR] WebSocket connection to 'ws://localhost:57808/' failed: Error in connection establishment: net::ERR_CONNECTION_REFUSED @ http://localhost:57808/:278
[  661865ms] [ERROR] WebSocket connection to 'ws://localhost:57808/' failed: Error in connection establishment: net::ERR_CONNECTION_REFUSED @ http://localhost:57808/:278
[  668299ms] [ERROR] WebSocket connection to 'ws://localhost:57808/' failed: Error in connection establishment: net::ERR_CONNECTION_REFUSED @ http://localhost:57808/:278
[  673205ms] [ERROR] WebSocket connection to 'ws://localhost:57808/' failed: Error in connection establishment: net::ERR_CONNECTION_REFUSED @ http://localhost:57808/:278
[  681509ms] [ERROR] WebSocket connection to 'ws://localhost:57808/' failed: Error in connection establishment: net::ERR_CONNECTION_REFUSED @ http://localhost:57808/:278
[  687372ms] [ERROR] WebSocket connection to 'ws://localhost:57808/' failed: Error in connection establishment: net::ERR_CONNECTION_REFUSED @ http://localhost:57808/:278
[  695200ms] [ERROR] WebSocket connection to 'ws://localhost:57808/' failed: Error in connection establishment: net::ERR_CONNECTION_REFUSED @ http://localhost:57808/:278
[  703244ms] [ERROR] WebSocket connection to 'ws://localhost:57808/' failed: Error in connection establishment: net::ERR_CONNECTION_REFUSED @ http://localhost:57808/:278
[  709534ms] [ERROR] WebSocket connection to 'ws://localhost:57808/' failed: Error in connection establishment: net::ERR_CONNECTION_REFUSED @ http://localhost:57808/:278
[  717727ms] [ERROR] WebSocket connection to 'ws://localhost:57808/' failed: Error in connection establishment: net::ERR_CONNECTION_REFUSED @ http://localhost:57808/:278
[  723170ms] [ERROR] WebSocket connection to 'ws://localhost:57808/' failed: Error in connection establishment: net::ERR_CONNECTION_REFUSED @ http://localhost:57808/:278
[  728008ms] [ERROR] WebSocket connection to 'ws://localhost:57808/' failed: Error in connection establishment: net::ERR_CONNECTION_REFUSED @ http://localhost:57808/:278
[  735202ms] [ERROR] WebSocket connection to 'ws://localhost:57808/' failed: Error in connection establishment: net::ERR_CONNECTION_REFUSED @ http://localhost:57808/:278
[  740979ms] [ERROR] WebSocket connection to 'ws://localhost:57808/' failed: Error in connection establishment: net::ERR_CONNECTION_REFUSED @ http://localhost:57808/:278
[  749015ms] [ERROR] WebSocket connection to 'ws://localhost:57808/' failed: Error in connection establishment: net::ERR_CONNECTION_REFUSED @ http://localhost:57808/:278
[  754809ms] [ERROR] WebSocket connection to 'ws://localhost:57808/' failed: Error in connection establishment: net::ERR_CONNECTION_REFUSED @ http://localhost:57808/:278
[  759861ms] [ERROR] WebSocket connection to 'ws://localhost:57808/' failed: Error in connection establishment: net::ERR_CONNECTION_REFUSED @ http://localhost:57808/:278
[  764306ms] [ERROR] WebSocket connection to 'ws://localhost:57808/' failed: Error in connection establishment: net::ERR_CONNECTION_REFUSED @ http://localhost:57808/:278
[  768982ms] [ERROR] WebSocket connection to 'ws://localhost:57808/' failed: Error in connection establishment: net::ERR_CONNECTION_REFUSED @ http://localhost:57808/:278
[  776580ms] [ERROR] WebSocket connection to 'ws://localhost:57808/' failed: Error in connection establishment: net::ERR_CONNECTION_REFUSED @ http://localhost:57808/:278
[  784596ms] [ERROR] WebSocket connection to 'ws://localhost:57808/' failed: Error in connection establishment: net::ERR_CONNECTION_REFUSED @ http://localhost:57808/:278
[  788991ms] [ERROR] WebSocket connection to 'ws://localhost:57808/' failed: Error in connection establishment: net::ERR_CONNECTION_REFUSED @ http://localhost:57808/:278
[ 4587060ms] [ERROR] WebSocket connection to 'ws://localhost:57808/' failed: Error in connection establishment: net::ERR_CONNECTION_REFUSED @ http://localhost:57808/:278
[ 4605220ms] [ERROR] WebSocket connection to 'ws://localhost:57808/' failed: Error in connection establishment: net::ERR_CONNECTION_REFUSED @ http://localhost:57808/:278
[ 4608602ms] [ERROR] WebSocket connection to 'ws://localhost:57808/' failed: Error in connection establishment: net::ERR_CONNECTION_REFUSED @ http://localhost:57808/:278
[ 4611977ms] [ERROR] WebSocket connection to 'ws://localhost:57808/' failed: Error in connection establishment: net::ERR_CONNECTION_REFUSED @ http://localhost:57808/:278
[ 4615399ms] [ERROR] WebSocket connection to 'ws://localhost:57808/' failed: Error in connection establishment: net::ERR_CONNECTION_REFUSED @ http://localhost:57808/:278
[ 4618847ms] [ERROR] WebSocket connection to 'ws://localhost:57808/' failed: Error in connection establishment: net::ERR_CONNECTION_REFUSED @ http://localhost:57808/:278
[ 4622250ms] [ERROR] WebSocket connection to 'ws://localhost:57808/' failed: Error in connection establishment: net::ERR_CONNECTION_REFUSED @ http://localhost:57808/:278
[ 4625810ms] [ERROR] WebSocket connection to 'ws://localhost:57808/' failed: Error in connection establishment: net::ERR_CONNECTION_REFUSED @ http://localhost:57808/:278
[ 4630011ms] [ERROR] WebSocket connection to 'ws://localhost:57808/' failed: Error in connection establishment: net::ERR_CONNECTION_REFUSED @ http://localhost:57808/:278
[ 4635642ms] [ERROR] WebSocket connection to 'ws://localhost:57808/' failed: Error in connection establishment: net::ERR_CONNECTION_REFUSED @ http://localhost:57808/:278
[ 4640235ms] [ERROR] WebSocket connection to 'ws://localhost:57808/' failed: Error in connection establishment: net::ERR_CONNECTION_REFUSED @ http://localhost:57808/:278
[ 4648004ms] [ERROR] WebSocket connection to 'ws://localhost:57808/' failed: Error in connection establishment: net::ERR_CONNECTION_REFUSED @ http://localhost:57808/:278
[ 4652713ms] [ERROR] WebSocket connection to 'ws://localhost:57808/' failed: Error in connection establishment: net::ERR_CONNECTION_REFUSED @ http://localhost:57808/:278
[ 4660760ms] [ERROR] WebSocket connection to 'ws://localhost:57808/' failed: Error in connection establishment: net::ERR_CONNECTION_REFUSED @ http://localhost:57808/:278
[ 4664782ms] [ERROR] WebSocket connection to 'ws://localhost:57808/' failed: Error in connection establishment: net::ERR_CONNECTION_REFUSED @ http://localhost:57808/:278
[ 4669102ms] [ERROR] WebSocket connection to 'ws://localhost:57808/' failed: Error in connection establishment: net::ERR_CONNECTION_REFUSED @ http://localhost:57808/:278
[ 4675297ms] [ERROR] WebSocket connection to 'ws://localhost:57808/' failed: Error in connection establishment: net::ERR_CONNECTION_REFUSED @ http://localhost:57808/:278
[ 4682868ms] [ERROR] WebSocket connection to 'ws://localhost:57808/' failed: Error in connection establishment: net::ERR_CONNECTION_REFUSED @ http://localhost:57808/:278
[ 4687874ms] [ERROR] WebSocket connection to 'ws://localhost:57808/' failed: Error in connection establishment: net::ERR_CONNECTION_REFUSED @ http://localhost:57808/:278
[ 4695336ms] [ERROR] WebSocket connection to 'ws://localhost:57808/' failed: Error in connection establishment: net::ERR_CONNECTION_REFUSED @ http://localhost:57808/:278
[ 4701234ms] [ERROR] WebSocket connection to 'ws://localhost:57808/' failed: Error in connection establishment: net::ERR_CONNECTION_REFUSED @ http://localhost:57808/:278
[ 4705995ms] [ERROR] WebSocket connection to 'ws://localhost:57808/' failed: Error in connection establishment: net::ERR_CONNECTION_REFUSED @ http://localhost:57808/:278
[ 4711412ms] [ERROR] WebSocket connection to 'ws://localhost:57808/' failed: Error in connection establishment: net::ERR_CONNECTION_REFUSED @ http://localhost:57808/:278
[ 4718260ms] [ERROR] WebSocket connection to 'ws://localhost:57808/' failed: Error in connection establishment: net::ERR_CONNECTION_REFUSED @ http://localhost:57808/:278
[ 4725122ms] [ERROR] WebSocket connection to 'ws://localhost:57808/' failed: Error in connection establishment: net::ERR_CONNECTION_REFUSED @ http://localhost:57808/:278
[ 4730202ms] [ERROR] WebSocket connection to 'ws://localhost:57808/' failed: Error in connection establishment: net::ERR_CONNECTION_REFUSED @ http://localhost:57808/:278
[ 4736418ms] [ERROR] WebSocket connection to 'ws://localhost:57808/' failed: Error in connection establishment: net::ERR_CONNECTION_REFUSED @ http://localhost:57808/:278
[ 4741845ms] [ERROR] WebSocket connection to 'ws://localhost:57808/' failed: Error in connection establishment: net::ERR_CONNECTION_REFUSED @ http://localhost:57808/:278
[ 4746826ms] [ERROR] WebSocket connection to 'ws://localhost:57808/' failed: Error in connection establishment: net::ERR_CONNECTION_REFUSED @ http://localhost:57808/:278
[ 4753880ms] [ERROR] WebSocket connection to 'ws://localhost:57808/' failed: Error in connection establishment: net::ERR_CONNECTION_REFUSED @ http://localhost:57808/:278
[ 4759295ms] [ERROR] WebSocket connection to 'ws://localhost:57808/' failed: Error in connection establishment: net::ERR_CONNECTION_REFUSED @ http://localhost:57808/:278
[ 4763677ms] [ERROR] WebSocket connection to 'ws://localhost:57808/' failed: Error in connection establishment: net::ERR_CONNECTION_REFUSED @ http://localhost:57808/:278
[ 4768148ms] [ERROR] WebSocket connection to 'ws://localhost:57808/' failed: Error in connection establishment: net::ERR_CONNECTION_REFUSED @ http://localhost:57808/:278
[ 4776161ms] [ERROR] WebSocket connection to 'ws://localhost:57808/' failed: Error in connection establishment: net::ERR_CONNECTION_REFUSED @ http://localhost:57808/:278
[ 4781161ms] [ERROR] WebSocket connection to 'ws://localhost:57808/' failed: Error in connection establishment: net::ERR_CONNECTION_REFUSED @ http://localhost:57808/:278
[ 4789034ms] [ERROR] WebSocket connection to 'ws://localhost:57808/' failed: Error in connection establishment: net::ERR_CONNECTION_REFUSED @ http://localhost:57808/:278
[ 4794563ms] [ERROR] WebSocket connection to 'ws://localhost:57808/' failed: Error in connection establishment: net::ERR_CONNECTION_REFUSED @ http://localhost:57808/:278
[ 4802324ms] [ERROR] WebSocket connection to 'ws://localhost:57808/' failed: Error in connection establishment: net::ERR_CONNECTION_REFUSED @ http://localhost:57808/:278
[ 4808972ms] [ERROR] WebSocket connection to 'ws://localhost:57808/' failed: Error in connection establishment: net::ERR_CONNECTION_REFUSED @ http://localhost:57808/:278
[ 4815417ms] [ERROR] WebSocket connection to 'ws://localhost:57808/' failed: Error in connection establishment: net::ERR_CONNECTION_REFUSED @ http://localhost:57808/:278
[ 4822477ms] [ERROR] WebSocket connection to 'ws://localhost:57808/' failed: Error in connection establishment: net::ERR_CONNECTION_REFUSED @ http://localhost:57808/:278
[ 4829758ms] [ERROR] WebSocket connection to 'ws://localhost:57808/' failed: Error in connection establishment: net::ERR_CONNECTION_REFUSED @ http://localhost:57808/:278
[ 4837009ms] [ERROR] WebSocket connection to 'ws://localhost:57808/' failed: Error in connection establishment: net::ERR_CONNECTION_REFUSED @ http://localhost:57808/:278
[ 4841653ms] [ERROR] WebSocket connection to 'ws://localhost:57808/' failed: Error in connection establishment: net::ERR_CONNECTION_REFUSED @ http://localhost:57808/:278
[ 4846976ms] [ERROR] WebSocket connection to 'ws://localhost:57808/' failed: Error in connection establishment: net::ERR_CONNECTION_REFUSED @ http://localhost:57808/:278
[ 4852273ms] [ERROR] WebSocket connection to 'ws://localhost:57808/' failed: Error in connection establishment: net::ERR_CONNECTION_REFUSED @ http://localhost:57808/:278
[ 4856988ms] [ERROR] WebSocket connection to 'ws://localhost:57808/' failed: Error in connection establishment: net::ERR_CONNECTION_REFUSED @ http://localhost:57808/:278
[ 4862818ms] [ERROR] WebSocket connection to 'ws://localhost:57808/' failed: Error in connection establishment: net::ERR_CONNECTION_REFUSED @ http://localhost:57808/:278
[ 4868237ms] [ERROR] WebSocket connection to 'ws://localhost:57808/' failed: Error in connection establishment: net::ERR_CONNECTION_REFUSED @ http://localhost:57808/:278
[ 4874872ms] [ERROR] WebSocket connection to 'ws://localhost:57808/' failed: Error in connection establishment: net::ERR_CONNECTION_REFUSED @ http://localhost:57808/:278
[ 4881941ms] [ERROR] WebSocket connection to 'ws://localhost:57808/' failed: Error in connection establishment: net::ERR_CONNECTION_REFUSED @ http://localhost:57808/:278
[ 4888122ms] [ERROR] WebSocket connection to 'ws://localhost:57808/' failed: Error in connection establishment: net::ERR_CONNECTION_REFUSED @ http://localhost:57808/:278
[ 4895791ms] [ERROR] WebSocket connection to 'ws://localhost:57808/' failed: Error in connection establishment: net::ERR_CONNECTION_REFUSED @ http://localhost:57808/:278
[ 4899149ms] [ERROR] WebSocket connection to 'ws://localhost:57808/' failed: Error in connection establishment: net::ERR_CONNECTION_REFUSED @ http://localhost:57808/:278
[ 4902500ms] [ERROR] WebSocket connection to 'ws://localhost:57808/' failed: Error in connection establishment: net::ERR_CONNECTION_REFUSED @ http://localhost:57808/:278
[ 4905860ms] [ERROR] WebSocket connection to 'ws://localhost:57808/' failed: Error in connection establishment: net::ERR_CONNECTION_REFUSED @ http://localhost:57808/:278
[ 4909200ms] [ERROR] WebSocket connection to 'ws://localhost:57808/' failed: Error in connection establishment: net::ERR_CONNECTION_REFUSED @ http://localhost:57808/:278
[ 4912574ms] [ERROR] WebSocket connection to 'ws://localhost:57808/' failed: Error in connection establishment: net::ERR_CONNECTION_REFUSED @ http://localhost:57808/:278
[ 4916536ms] [ERROR] WebSocket connection to 'ws://localhost:57808/' failed: Error in connection establishment: net::ERR_CONNECTION_REFUSED @ http://localhost:57808/:278
[ 4919892ms] [ERROR] WebSocket connection to 'ws://localhost:57808/' failed: Error in connection establishment: net::ERR_CONNECTION_REFUSED @ http://localhost:57808/:278
[ 4923234ms] [ERROR] WebSocket connection to 'ws://localhost:57808/' failed: Error in connection establishment: net::ERR_CONNECTION_REFUSED @ http://localhost:57808/:278
[ 4926596ms] [ERROR] WebSocket connection to 'ws://localhost:57808/' failed: Error in connection establishment: net::ERR_CONNECTION_REFUSED @ http://localhost:57808/:278
[ 4929975ms] [ERROR] WebSocket connection to 'ws://localhost:57808/' failed: Error in connection establishment: net::ERR_CONNECTION_REFUSED @ http://localhost:57808/:278
[ 4933411ms] [ERROR] WebSocket connection to 'ws://localhost:57808/' failed: Error in connection establishment: net::ERR_CONNECTION_REFUSED @ http://localhost:57808/:278
[ 4936882ms] [ERROR] WebSocket connection to 'ws://localhost:57808/' failed: Error in connection establishment: net::ERR_CONNECTION_REFUSED @ http://localhost:57808/:278
[ 4940349ms] [ERROR] WebSocket connection to 'ws://localhost:57808/' failed: Error in connection establishment: net::ERR_CONNECTION_REFUSED @ http://localhost:57808/:278
[ 4944754ms] [ERROR] WebSocket connection to 'ws://localhost:57808/' failed: Error in connection establishment: net::ERR_CONNECTION_REFUSED @ http://localhost:57808/:278
[ 4949153ms] [ERROR] WebSocket connection to 'ws://localhost:57808/' failed: Error in connection establishment: net::ERR_CONNECTION_REFUSED @ http://localhost:57808/:278
[ 4953586ms] [ERROR] WebSocket connection to 'ws://localhost:57808/' failed: Error in connection establishment: net::ERR_CONNECTION_REFUSED @ http://localhost:57808/:278
[ 4961902ms] [ERROR] WebSocket connection to 'ws://localhost:57808/' failed: Error in connection establishment: net::ERR_CONNECTION_REFUSED @ http://localhost:57808/:278
[ 4969537ms] [ERROR] WebSocket connection to 'ws://localhost:57808/' failed: Error in connection establishment: net::ERR_CONNECTION_REFUSED @ http://localhost:57808/:278
[ 4975253ms] [ERROR] WebSocket connection to 'ws://localhost:57808/' failed: Error in connection establishment: net::ERR_CONNECTION_REFUSED @ http://localhost:57808/:278
[ 4979983ms] [ERROR] WebSocket connection to 'ws://localhost:57808/' failed: Error in connection establishment: net::ERR_CONNECTION_REFUSED @ http://localhost:57808/:278
[ 4984647ms] [ERROR] WebSocket connection to 'ws://localhost:57808/' failed: Error in connection establishment: net::ERR_CONNECTION_REFUSED @ http://localhost:57808/:278
[ 4990060ms] [ERROR] WebSocket connection to 'ws://localhost:57808/' failed: Error in connection establishment: net::ERR_CONNECTION_REFUSED @ http://localhost:57808/:278
[ 4995256ms] [ERROR] WebSocket connection to 'ws://localhost:57808/' failed: Error in connection establishment: net::ERR_CONNECTION_REFUSED @ http://localhost:57808/:278
[ 4999952ms] [ERROR] WebSocket connection to 'ws://localhost:57808/' failed: Error in connection establishment: net::ERR_CONNECTION_REFUSED @ http://localhost:57808/:278
[ 5006967ms] [ERROR] WebSocket connection to 'ws://localhost:57808/' failed: Error in connection establishment: net::ERR_CONNECTION_REFUSED @ http://localhost:57808/:278
[ 5014431ms] [ERROR] WebSocket connection to 'ws://localhost:57808/' failed: Error in connection establishment: net::ERR_CONNECTION_REFUSED @ http://localhost:57808/:278
[ 5020764ms] [ERROR] WebSocket connection to 'ws://localhost:57808/' failed: Error in connection establishment: net::ERR_CONNECTION_REFUSED @ http://localhost:57808/:278
[ 5028899ms] [ERROR] WebSocket connection to 'ws://localhost:57808/' failed: Error in connection establishment: net::ERR_CONNECTION_REFUSED @ http://localhost:57808/:278
[ 5036712ms] [ERROR] WebSocket connection to 'ws://localhost:57808/' failed: Error in connection establishment: net::ERR_CONNECTION_REFUSED @ http://localhost:57808/:278
[ 5041855ms] [ERROR] WebSocket connection to 'ws://localhost:57808/' failed: Error in connection establishment: net::ERR_CONNECTION_REFUSED @ http://localhost:57808/:278
[ 5050104ms] [ERROR] WebSocket connection to 'ws://localhost:57808/' failed: Error in connection establishment: net::ERR_CONNECTION_REFUSED @ http://localhost:57808/:278
[ 5057002ms] [ERROR] WebSocket connection to 'ws://localhost:57808/' failed: Error in connection establishment: net::ERR_CONNECTION_REFUSED @ http://localhost:57808/:278
[ 5062898ms] [ERROR] WebSocket connection to 'ws://localhost:57808/' failed: Error in connection establishment: net::ERR_CONNECTION_REFUSED @ http://localhost:57808/:278
[ 5068012ms] [ERROR] WebSocket connection to 'ws://localhost:57808/' failed: Error in connection establishment: net::ERR_CONNECTION_REFUSED @ http://localhost:57808/:278
[ 5074219ms] [ERROR] WebSocket connection to 'ws://localhost:57808/' failed: Error in connection establishment: net::ERR_CONNECTION_REFUSED @ http://localhost:57808/:278
[ 5081409ms] [ERROR] WebSocket connection to 'ws://localhost:57808/' failed: Error in connection establishment: net::ERR_CONNECTION_REFUSED @ http://localhost:57808/:278
[ 5087389ms] [ERROR] WebSocket connection to 'ws://localhost:57808/' failed: Error in connection establishment: net::ERR_CONNECTION_REFUSED @ http://localhost:57808/:278
[ 5094313ms] [ERROR] WebSocket connection to 'ws://localhost:57808/' failed: Error in connection establishment: net::ERR_CONNECTION_REFUSED @ http://localhost:57808/:278
[ 5099416ms] [ERROR] WebSocket connection to 'ws://localhost:57808/' failed: Error in connection establishment: net::ERR_CONNECTION_REFUSED @ http://localhost:57808/:278
[ 5109021ms] [ERROR] WebSocket connection to 'ws://localhost:57808/' failed: Error in connection establishment: net::ERR_CONNECTION_REFUSED @ http://localhost:57808/:278
[ 5117245ms] [ERROR] WebSocket connection to 'ws://localhost:57808/' failed: Error in connection establishment: net::ERR_CONNECTION_REFUSED @ http://localhost:57808/:278
[ 5122643ms] [ERROR] WebSocket connection to 'ws://localhost:57808/' failed: Error in connection establishment: net::ERR_CONNECTION_REFUSED @ http://localhost:57808/:278
[ 5128166ms] [ERROR] WebSocket connection to 'ws://localhost:57808/' failed: Error in connection establishment: net::ERR_CONNECTION_REFUSED @ http://localhost:57808/:278
[ 5134379ms] [ERROR] WebSocket connection to 'ws://localhost:57808/' failed: Error in connection establishment: net::ERR_CONNECTION_REFUSED @ http://localhost:57808/:278
[ 5139847ms] [ERROR] WebSocket connection to 'ws://localhost:57808/' failed: Error in connection establishment: net::ERR_CONNECTION_REFUSED @ http://localhost:57808/:278
[ 5145196ms] [ERROR] WebSocket connection to 'ws://localhost:57808/' failed: Error in connection establishment: net::ERR_CONNECTION_REFUSED @ http://localhost:57808/:278
[ 5150839ms] [ERROR] WebSocket connection to 'ws://localhost:57808/' failed: Error in connection establishment: net::ERR_CONNECTION_REFUSED @ http://localhost:57808/:278
[ 5157359ms] [ERROR] WebSocket connection to 'ws://localhost:57808/' failed: Error in connection establishment: net::ERR_CONNECTION_REFUSED @ http://localhost:57808/:278
[ 5163472ms] [ERROR] WebSocket connection to 'ws://localhost:57808/' failed: Error in connection establishment: net::ERR_CONNECTION_REFUSED @ http://localhost:57808/:278
[ 5171773ms] [ERROR] WebSocket connection to 'ws://localhost:57808/' failed: Error in connection establishment: net::ERR_CONNECTION_REFUSED @ http://localhost:57808/:278
[ 5179906ms] [ERROR] WebSocket connection to 'ws://localhost:57808/' failed: Error in connection establishment: net::ERR_CONNECTION_REFUSED @ http://localhost:57808/:278
[ 5186083ms] [ERROR] WebSocket connection to 'ws://localhost:57808/' failed: Error in connection establishment: net::ERR_CONNECTION_REFUSED @ http://localhost:57808/:278
[ 5193518ms] [ERROR] WebSocket connection to 'ws://localhost:57808/' failed: Error in connection establishment: net::ERR_CONNECTION_REFUSED @ http://localhost:57808/:278
