[    6290ms] [INFO] %cDownload the React DevTools for a better development experience: https://reactjs.org/link/react-devtools font-weight:bold @ http://localhost:5176/node_modules/.vite/deps/chunk-SVG7M4VJ.js?v=a6569a5b:21606
[    7263ms] [WARNING] ⚠️ React Router Future Flag Warning: React Router will begin wrapping state updates in `React.startTransition` in v7. You can use the `v7_startTransition` future flag to opt-in early. For more information, see https://reactrouter.com/v6/upgrading/future#v7_starttransition. @ http://localhost:5176/node_modules/.vite/deps/react-router-dom.js?v=a6569a5b:4433
[    7264ms] [WARNING] ⚠️ React Router Future Flag Warning: Relative route resolution within Splat routes is changing in v7. You can use the `v7_relativeSplatPath` future flag to opt-in early. For more information, see https://reactrouter.com/v6/upgrading/future#v7_relativesplatpath. @ http://localhost:5176/node_modules/.vite/deps/react-router-dom.js?v=a6569a5b:4433
[    8768ms] [ERROR] Failed to load resource: the server responded with a status of 404 (Not Found) @ http://localhost:5176/favicon.ico:0
[   56279ms] [ERROR] Access to fetch at 'https://query1.finance.yahoo.com/v8/finance/chart/QQQ?interval=1d&range=1d' from origin 'http://localhost:5176' has been blocked by CORS policy: No 'Access-Control-Allow-Origin' header is present on the requested resource. @ http://localhost:5176/trading-os:0
[   56293ms] [ERROR] Failed to load resource: net::ERR_FAILED @ https://query1.finance.yahoo.com/v8/finance/chart/QQQ?interval=1d&range=1d:0
[   56297ms] [ERROR] Access to fetch at 'https://query1.finance.yahoo.com/v8/finance/chart/QQQ?interval=1d&range=1d' from origin 'http://localhost:5176' has been blocked by CORS policy: No 'Access-Control-Allow-Origin' header is present on the requested resource. @ http://localhost:5176/trading-os:0
[   56298ms] [ERROR] Failed to load resource: net::ERR_FAILED @ https://query1.finance.yahoo.com/v8/finance/chart/QQQ?interval=1d&range=1d:0
[   56299ms] [ERROR] Access to fetch at 'https://query1.finance.yahoo.com/v8/finance/chart/SPY?interval=1d&range=1d' from origin 'http://localhost:5176' has been blocked by CORS policy: No 'Access-Control-Allow-Origin' header is present on the requested resource. @ http://localhost:5176/trading-os:0
[   56299ms] [ERROR] Failed to load resource: net::ERR_FAILED @ https://query1.finance.yahoo.com/v8/finance/chart/SPY?interval=1d&range=1d:0
[   56329ms] [ERROR] Access to fetch at 'https://query1.finance.yahoo.com/v8/finance/chart/SPY?interval=1d&range=1d' from origin 'http://localhost:5176' has been blocked by CORS policy: No 'Access-Control-Allow-Origin' header is present on the requested resource. @ http://localhost:5176/trading-os:0
[   56329ms] [ERROR] Failed to load resource: net::ERR_FAILED @ https://query1.finance.yahoo.com/v8/finance/chart/SPY?interval=1d&range=1d:0
[  221070ms] [ERROR] Access to fetch at 'https://query1.finance.yahoo.com/v8/finance/chart/QQQ?interval=1d&range=1d' from origin 'http://localhost:5176' has been blocked by CORS policy: No 'Access-Control-Allow-Origin' header is present on the requested resource. @ http://localhost:5176/trading-os:0
[  221078ms] [ERROR] Failed to load resource: net::ERR_FAILED @ https://query1.finance.yahoo.com/v8/finance/chart/QQQ?interval=1d&range=1d:0
[  221082ms] [ERROR] Access to fetch at 'https://query1.finance.yahoo.com/v8/finance/chart/QQQ?interval=1d&range=1d' from origin 'http://localhost:5176' has been blocked by CORS policy: No 'Access-Control-Allow-Origin' header is present on the requested resource. @ http://localhost:5176/trading-os:0
[  221082ms] [ERROR] Failed to load resource: net::ERR_FAILED @ https://query1.finance.yahoo.com/v8/finance/chart/QQQ?interval=1d&range=1d:0
[  221102ms] [ERROR] Access to fetch at 'https://query1.finance.yahoo.com/v8/finance/chart/SPY?interval=1d&range=1d' from origin 'http://localhost:5176' has been blocked by CORS policy: No 'Access-Control-Allow-Origin' header is present on the requested resource. @ http://localhost:5176/trading-os:0
[  221102ms] [ERROR] Failed to load resource: net::ERR_FAILED @ https://query1.finance.yahoo.com/v8/finance/chart/SPY?interval=1d&range=1d:0
[  221129ms] [ERROR] Access to fetch at 'https://query1.finance.yahoo.com/v8/finance/chart/SPY?interval=1d&range=1d' from origin 'http://localhost:5176' has been blocked by CORS policy: No 'Access-Control-Allow-Origin' header is present on the requested resource. @ http://localhost:5176/trading-os:0
[  221130ms] [ERROR] Failed to load resource: net::ERR_FAILED @ https://query1.finance.yahoo.com/v8/finance/chart/SPY?interval=1d&range=1d:0
[  403281ms] [LOG] [vite] server connection lost. Polling for restart... @ http://localhost:5176/@vite/client:963
[  409138ms] [INFO] %cDownload the React DevTools for a better development experience: https://reactjs.org/link/react-devtools font-weight:bold @ http://localhost:5176/node_modules/.vite/deps/chunk-SVG7M4VJ.js?v=a6569a5b:21606
[  409997ms] [WARNING] ⚠️ React Router Future Flag Warning: React Router will begin wrapping state updates in `React.startTransition` in v7. You can use the `v7_startTransition` future flag to opt-in early. For more information, see https://reactrouter.com/v6/upgrading/future#v7_starttransition. @ http://localhost:5176/node_modules/.vite/deps/react-router-dom.js?v=a6569a5b:4433
[  409998ms] [WARNING] ⚠️ React Router Future Flag Warning: Relative route resolution within Splat routes is changing in v7. You can use the `v7_relativeSplatPath` future flag to opt-in early. For more information, see https://reactrouter.com/v6/upgrading/future#v7_relativesplatpath. @ http://localhost:5176/node_modules/.vite/deps/react-router-dom.js?v=a6569a5b:4433
[  440849ms] [LOG] [vite] server connection lost. Polling for restart... @ http://localhost:5176/@vite/client:963
[  443558ms] [ERROR] WebSocket connection to 'ws://localhost:5176/' failed: Error in connection establishment: net::ERR_CONNECTION_REFUSED @ http://localhost:5176/@vite/client:1034
[  446937ms] [ERROR] WebSocket connection to 'ws://localhost:5176/' failed: Error in connection establishment: net::ERR_CONNECTION_REFUSED @ http://localhost:5176/@vite/client:1034
[  450299ms] [ERROR] WebSocket connection to 'ws://localhost:5176/' failed: Error in connection establishment: net::ERR_CONNECTION_REFUSED @ http://localhost:5176/@vite/client:1034
[  462585ms] [INFO] %cDownload the React DevTools for a better development experience: https://reactjs.org/link/react-devtools font-weight:bold @ http://localhost:5176/node_modules/.vite/deps/chunk-SVG7M4VJ.js?v=a6569a5b:21606
[  463341ms] [WARNING] ⚠️ React Router Future Flag Warning: React Router will begin wrapping state updates in `React.startTransition` in v7. You can use the `v7_startTransition` future flag to opt-in early. For more information, see https://reactrouter.com/v6/upgrading/future#v7_starttransition. @ http://localhost:5176/node_modules/.vite/deps/react-router-dom.js?v=a6569a5b:4433
[  463344ms] [WARNING] ⚠️ React Router Future Flag Warning: Relative route resolution within Splat routes is changing in v7. You can use the `v7_relativeSplatPath` future flag to opt-in early. For more information, see https://reactrouter.com/v6/upgrading/future#v7_relativesplatpath. @ http://localhost:5176/node_modules/.vite/deps/react-router-dom.js?v=a6569a5b:4433
