[    8284ms] [ERROR] Failed to load resource: net::ERR_FAILED @ chrome-extension://invalid/:0
[   13463ms] [ERROR] Failed to load resource: net::ERR_FAILED @ chrome-extension://invalid/:0
[   14655ms] [ERROR] Failed to load resource: net::ERR_FAILED @ chrome-extension://invalid/:0
[   14715ms] [ERROR] Failed to load resource: net::ERR_FAILED @ chrome-extension://invalid/:0
[   14722ms] [ERROR] Failed to load resource: net::ERR_FAILED @ chrome-extension://invalid/:0
[   16222ms] [ERROR] Failed to load resource: net::ERR_FILE_NOT_FOUND @ filesystem:https://docs.google.com/persistent/docs/fonts/memSYaGs126MiZpBA-UvWbX2vVnXBbObj2OVZyOOSr4dVJWUgsjZ0C4i.woff2:0
[   16223ms] [ERROR] Failed to load resource: net::ERR_FILE_NOT_FOUND @ filesystem:https://docs.google.com/persistent/docs/fonts/memSYaGs126MiZpBA-UvWbX2vVnXBbObj2OVZyOOSr4dVJWUgsg-1y4i.woff2:0
[   16223ms] [ERROR] Failed to load resource: net::ERR_FILE_NOT_FOUND @ filesystem:https://docs.google.com/persistent/docs/fonts/memQYaGs126MiZpBA-UFUIcVXSCEkx2cmqvXlWq8tWZ0Pw86hd0Rk8ZkaVI.woff2:0
[   16224ms] [ERROR] Failed to load resource: net::ERR_FILE_NOT_FOUND @ filesystem:https://docs.google.com/persistent/docs/fonts/memQYaGs126MiZpBA-UFUIcVXSCEkx2cmqvXlWq8tWZ0Pw86hd0RkyFjaVI.woff2:0
[   16225ms] [ERROR] Failed to load resource: net::ERR_FILE_NOT_FOUND @ filesystem:https://docs.google.com/persistent/docs/fonts/BngRUXNadjH0qYEzV7ab-oWlsYCE.woff2:0
[   16225ms] [ERROR] Failed to load resource: net::ERR_FILE_NOT_FOUND @ filesystem:https://docs.google.com/persistent/docs/fonts/BngSUXNadjH0qYEzV7ab-oWlsbg95DiH.woff2:0
[   16226ms] [ERROR] Failed to load resource: net::ERR_FAILED @ chrome-extension://invalid/:0
[   33351ms] [WARNING] An iframe which has both allow-scripts and allow-same-origin for its sandbox attribute can escape its sandboxing. @ https://docs.google.com/drivesharing/clientmodel?id=1okhoBkvv_xk9bIUJ4-U4I7FvqNdiuajBRGXePnCWv7g&foreignService=kix&authuser=0&origin=https%3A%2F%2Fdocs.google.com:0
[   33703ms] [ERROR] Failed to load resource: net::ERR_FAILED @ chrome-extension://invalid/:0
[   34275ms] [ERROR] Failed to load resource: net::ERR_FAILED @ chrome-extension://invalid/:0
[   34303ms] [ERROR] Failed to load resource: net::ERR_FAILED @ chrome-extension://invalid/:0
[   34318ms] [ERROR] Failed to load resource: net::ERR_FAILED @ chrome-extension://invalid/:0
[ 5040800ms] [ERROR] Failed to load resource: the server responded with a status of 400 () @ https://docs.google.com/document/d/1okhoBkvv_xk9bIUJ4-U4I7FvqNdiuajBRGXePnCWv7g/bind?id=1okhoBkvv_xk9bIUJ4-U4I7FvqNdiuajBRGXePnCWv7g&sid=6c8ed830a9efa952&token=ABg6iWQDICmgMgrsVsieUkj3--BM%3A1779850517703&ouid=106008768518413542345&includes_info_params=true&usp=docs_home&cros_files=false&nded=false&VER=8&tab=t.0&lsq=1779850435748&u=00140998233606684079&vc=1&c=1&w=1&flr=0&gsi=0&ar=26&arat=xBoRjFBGux648Q&smv=2147483647&smb=%5B2147483647%2C%20oAMQ%5D&cimpl=1&RID=rpc&SID=3214DC5B8C42B54&CI=0&AID=303&TYPE=xmlhttp&zx=593d7aayw8uv&t=2:0
[ 8193200ms] [ERROR] Failed to load resource: net::ERR_QUIC_PROTOCOL_ERROR.QUIC_NETWORK_IDLE_TIMEOUT @ https://docs.google.com/document/d/1okhoBkvv_xk9bIUJ4-U4I7FvqNdiuajBRGXePnCWv7g/bind?id=1okhoBkvv_xk9bIUJ4-U4I7FvqNdiuajBRGXePnCWv7g&sid=6c8ed830a9efa952&token=ABg6iWQDICmgMgrsVsieUkj3--BM%3A1779850517703&ouid=106008768518413542345&includes_info_params=true&usp=docs_home&cros_files=false&nded=false&tab=t.0&VER=8&lsq=1779850435756&u=00140998233606684079&vc=1&c=1&w=1&flr=0&gsi=0&smv=2147483647&smb=%5B2147483647%2C%20oAMQ%5D&cimpl=1&RID=rpc&SID=98D24793EDFFB23A&CI=0&AID=47&TYPE=xmlhttp&zx=u2yroxny6gi&t=1:0
[ 8194374ms] [ERROR] Failed to load resource: the server responded with a status of 400 () @ https://docs.google.com/document/d/1okhoBkvv_xk9bIUJ4-U4I7FvqNdiuajBRGXePnCWv7g/bind?id=1okhoBkvv_xk9bIUJ4-U4I7FvqNdiuajBRGXePnCWv7g&sid=6c8ed830a9efa952&token=ABg6iWQDICmgMgrsVsieUkj3--BM%3A1779850517703&ouid=106008768518413542345&includes_info_params=true&usp=docs_home&cros_files=false&nded=false&tab=t.0&VER=8&lsq=1779850435756&u=00140998233606684079&vc=1&c=1&w=1&flr=0&gsi=0&smv=2147483647&smb=%5B2147483647%2C%20oAMQ%5D&cimpl=1&RID=rpc&SID=98D24793EDFFB23A&CI=0&AID=49&TYPE=xmlhttp&zx=gcc2z0h314j8&t=2:0
[58948267ms] [ERROR] Failed to load resource: net::ERR_QUIC_PROTOCOL_ERROR.QUIC_PACKET_WRITE_ERROR @ https://docs.google.com/document/d/1okhoBkvv_xk9bIUJ4-U4I7FvqNdiuajBRGXePnCWv7g/bind?id=1okhoBkvv_xk9bIUJ4-U4I7FvqNdiuajBRGXePnCWv7g&sid=6c8ed830a9efa952&token=ABg6iWQDICmgMgrsVsieUkj3--BM%3A1779850517703&ouid=106008768518413542345&includes_info_params=true&usp=docs_home&cros_files=false&nded=false&tab=t.0&VER=8&lsq=1779858696009&u=00140998233606684079&vc=1&c=1&w=1&flr=0&gsi=0&smv=2147483647&smb=%5B2147483647%2C%20oAMQ%5D&cimpl=1&RID=rpc&SID=68913ECCC7769CA2&CI=0&AID=1&TYPE=xmlhttp&zx=9z6vw3drjbqr&t=1:0
[58969788ms] [ERROR] Failed to load resource: net::ERR_CONNECTION_TIMED_OUT @ https://ssl.gstatic.com/docs/common/netcheck.gif?zx=ya1hd2d69ni4:0
[58969963ms] [ERROR] Failed to load resource: net::ERR_QUIC_PROTOCOL_ERROR.QUIC_NETWORK_IDLE_TIMEOUT @ https://ssl.gstatic.com/docs/common/netcheck.gif?zx=7yfl333t9sk2:0
[58987606ms] [ERROR] Failed to load resource: net::ERR_CONNECTION_TIMED_OUT @ https://ssl.gstatic.com/docs/common/netcheck.gif?zx=z90e0pvpyu28:0
[58990442ms] [ERROR] Failed to load resource: net::ERR_CONNECTION_TIMED_OUT @ https://addons-pa.clients6.google.com/$rpc/google.internal.apps.addons.v1.AddOnService/ListInstallations:0
[58990477ms] [ERROR] Failed to load resource: net::ERR_CONNECTION_TIMED_OUT @ https://waa-pa.clients6.google.com/$rpc/google.internal.waa.v1.Waa/Create:0
[58990515ms] [ERROR] Failed to load resource: net::ERR_CONNECTION_TIMED_OUT @ https://espresso-pa.clients6.google.com/v1/prewarm?key=AIzaSyCmh4zG9srkxnlT2O2FRJLrxBOBRaWWxNk&alt=protojson:0
[58990541ms] [ERROR] Failed to load resource: net::ERR_CONNECTION_TIMED_OUT @ https://peoplestackwebexperiments-pa.clients6.google.com/$rpc/peoplestackwebexperiments.PeopleStackExperimentsService/GetExperimentFlags:0
[58990545ms] [ERROR] Failed to load resource: net::ERR_CONNECTION_TIMED_OUT @ https://peoplestackwebexperiments-pa.clients6.google.com/$rpc/peoplestackwebexperiments.PeopleStackExperimentsService/GetExperimentFlags:0
[58990550ms] [ERROR] Failed to load resource: net::ERR_CONNECTION_TIMED_OUT @ https://peoplestackwebexperiments-pa.clients6.google.com/$rpc/peoplestackwebexperiments.PeopleStackExperimentsService/GetExperimentFlags:0
[58990554ms] [ERROR] Failed to load resource: net::ERR_CONNECTION_TIMED_OUT @ https://waa-pa.clients6.google.com/$rpc/google.internal.waa.v1.Waa/Ping:0
[59012690ms] [ERROR] Failed to load resource: net::ERR_CONNECTION_TIMED_OUT @ https://waa-pa.googleapis.com/$rpc/google.internal.waa.v1.Waa/Ping:0
[59027889ms] [ERROR] Failed to load resource: net::ERR_CONNECTION_TIMED_OUT @ https://ssl.gstatic.com/docs/common/netcheck.gif?zx=2s8j1cn3dps6:0
[59030745ms] [ERROR] Failed to load resource: net::ERR_QUIC_PROTOCOL_ERROR.QUIC_NETWORK_IDLE_TIMEOUT @ https://ssl.gstatic.com/docs/common/netcheck.gif?zx=6gz3tk9edwxk:0
[59048402ms] [ERROR] Failed to load resource: net::ERR_CONNECTION_TIMED_OUT @ https://ssl.gstatic.com/docs/common/netcheck.gif?zx=2fzjx5i8ce5u:0
[59086521ms] [ERROR] Failed to load resource: net::ERR_CONNECTION_TIMED_OUT @ https://ssl.gstatic.com/docs/common/netcheck.gif?zx=fbuvglyvxsfw:0
[59086779ms] [ERROR] Failed to load resource: net::ERR_CONNECTION_TIMED_OUT @ https://ssl.gstatic.com/docs/common/netcheck.gif?zx=5f11eunif3jn:0
[59091909ms] [ERROR] Failed to load resource: net::ERR_CONNECTION_TIMED_OUT @ https://waa-pa.clients6.google.com/$rpc/google.internal.waa.v1.Waa/Create:0
[59095540ms] [ERROR] Failed to load resource: net::ERR_CONNECTION_TIMED_OUT @ https://play.google.com/log?format=json&hasfast=true&authuser=0:0
[59095561ms] [ERROR] Failed to load resource: net::ERR_CONNECTION_TIMED_OUT @ https://play.google.com/log?format=json&hasfast=true&authuser=0:0
[59095574ms] [ERROR] Failed to load resource: net::ERR_CONNECTION_TIMED_OUT @ https://play.google.com/log?format=json&hasfast=true:0
[59107198ms] [ERROR] Failed to load resource: net::ERR_CONNECTION_TIMED_OUT @ https://play.google.com/log?hasfast=true&auth=SAPISIDHASH+c429c3a0833cff086ad56a233b603cfc6d2afd94+SAPISID1PHASH+c429c3a0833cff086ad56a233b603cfc6d2afd94+SAPISID3PHASH+c429c3a0833cff086ad56a233b603cfc6d2afd94&authuser=0&format=json:0
[59107399ms] [ERROR] Failed to load resource: net::ERR_CONNECTION_TIMED_OUT @ https://play.google.com/log?hasfast=true&auth=SAPISIDHASH+c429c3a0833cff086ad56a233b603cfc6d2afd94+SAPISID1PHASH+c429c3a0833cff086ad56a233b603cfc6d2afd94+SAPISID3PHASH+c429c3a0833cff086ad56a233b603cfc6d2afd94&authuser=0&format=json:0
[59107513ms] [ERROR] Failed to load resource: net::ERR_CONNECTION_TIMED_OUT @ https://play.google.com/log?hasfast=true&auth=SAPISIDHASH+c429c3a0833cff086ad56a233b603cfc6d2afd94+SAPISID1PHASH+c429c3a0833cff086ad56a233b603cfc6d2afd94+SAPISID3PHASH+c429c3a0833cff086ad56a233b603cfc6d2afd94&authuser=0&format=json:0
[59118191ms] [ERROR] Failed to load resource: net::ERR_CONNECTION_TIMED_OUT @ https://ssl.gstatic.com/docs/common/netcheck.gif?zx=wj1sxkdkmag0:0
[59118477ms] [ERROR] Failed to load resource: net::ERR_CONNECTION_TIMED_OUT @ https://ssl.gstatic.com/docs/common/netcheck.gif?zx=owji4dfvmjpr:0
[59128479ms] [ERROR] Failed to load resource: net::ERR_CONNECTION_TIMED_OUT @ https://ssl.gstatic.com/docs/common/netcheck.gif?zx=m2op0ksruzgx:0
[59138517ms] [ERROR] Failed to load resource: net::ERR_CONNECTION_TIMED_OUT @ https://ssl.gstatic.com/docs/common/netcheck.gif?zx=i3vwue7lk3vs:0
[59148569ms] [ERROR] Failed to load resource: net::ERR_CONNECTION_TIMED_OUT @ https://play.google.com/log?hasfast=true&auth=SAPISIDHASH+c429c3a0833cff086ad56a233b603cfc6d2afd94+SAPISID1PHASH+c429c3a0833cff086ad56a233b603cfc6d2afd94+SAPISID3PHASH+c429c3a0833cff086ad56a233b603cfc6d2afd94&authuser=0&format=json:0
[59169914ms] [ERROR] Failed to load resource: net::ERR_CONNECTION_TIMED_OUT @ https://ssl.gstatic.com/docs/common/netcheck.gif?zx=vavuhos7voum:0
[59170189ms] [ERROR] Failed to load resource: net::ERR_CONNECTION_TIMED_OUT @ https://ssl.gstatic.com/docs/common/netcheck.gif?zx=xzvs943jqlsr:0
[59180524ms] [ERROR] Failed to load resource: net::ERR_CONNECTION_TIMED_OUT @ https://ssl.gstatic.com/docs/common/netcheck.gif?zx=is9yly1ba3aq:0
[59190495ms] [ERROR] Failed to load resource: net::ERR_CONNECTION_TIMED_OUT @ https://ssl.gstatic.com/docs/common/netcheck.gif?zx=cuum0iy63u15:0
